# JRE version: OpenJDK Runtime Environment (8.0_152-b06) (build 1.8.0_152-release-1136-b06)
# Java VM: OpenJDK 64-Bit Server VM (25.152-b06 mixed mode windows-amd64 compressed oops)
Heap:
 PSYoungGen      total 134656K, used 123630K [0x00000000e0000000, 0x00000000e9280000, 0x0000000100000000)
  eden space 125952K, 98% used [0x00000000e0000000,0x00000000e78bbac8,0x00000000e7b00000)
  from space 8704K, 0% used [0x00000000e7b00000,0x00000000e7b00000,0x00000000e8380000)
  to   space 11264K, 0% used [0x00000000e8780000,0x00000000e8780000,0x00000000e9280000)
 ParOldGen       total 60416K, used 19531K [0x00000000a0000000, 0x00000000a3b00000, 0x00000000e0000000)
  object space 60416K, 32% used [0x00000000a0000000,0x00000000a1312ee0,0x00000000a3b00000)
 Metaspace       used 42206K, capacity 42926K, committed 43096K, reserved 1087488K
  class space    used 5702K, capacity 5944K, committed 6016K, reserved 1048576K
GC Heap History (10 events):
Event: 4.312 GC heap before
{Heap before GC invocations=7 (full 0):
 PSYoungGen      total 70144K, used 24650K [0x00000000e0000000, 0x00000000e4f00000, 0x0000000100000000)
  eden space 64000K, 28% used [0x00000000e0000000,0x00000000e1218208,0x00000000e3e80000)
  from space 6144K, 99% used [0x00000000e4600000,0x00000000e4bfa970,0x00000000e4c00000)
  to   space 7680K, 0% used [0x00000000e3e80000,0x00000000e3e80000,0x00000000e4600000)
 ParOldGen       total 44032K, used 7186K [0x00000000a0000000, 0x00000000a2b00000, 0x00000000e0000000)
  object space 44032K, 16% used [0x00000000a0000000,0x00000000a07048a8,0x00000000a2b00000)
 Metaspace       used 20824K, capacity 21100K, committed 21248K, reserved 1067008K
  class space    used 2917K, capacity 3018K, committed 3072K, reserved 1048576K
Event: 4.331 GC heap after
Heap after GC invocations=7 (full 0):
 PSYoungGen      total 71680K, used 6196K [0x00000000e0000000, 0x00000000e8d00000, 0x0000000100000000)
  eden space 64000K, 0% used [0x00000000e0000000,0x00000000e0000000,0x00000000e3e80000)
  from space 7680K, 80% used [0x00000000e3e80000,0x00000000e448d1b8,0x00000000e4600000)
  to   space 8192K, 0% used [0x00000000e8500000,0x00000000e8500000,0x00000000e8d00000)
 ParOldGen       total 44032K, used 7956K [0x00000000a0000000, 0x00000000a2b00000, 0x00000000e0000000)
  object space 44032K, 18% used [0x00000000a0000000,0x00000000a07c53e8,0x00000000a2b00000)
 Metaspace       used 20824K, capacity 21100K, committed 21248K, reserved 1067008K
  class space    used 2917K, capacity 3018K, committed 3072K, reserved 1048576K
}
Event: 4.332 GC heap before
{Heap before GC invocations=8 (full 1):
 PSYoungGen      total 71680K, used 6196K [0x00000000e0000000, 0x00000000e8d00000, 0x0000000100000000)
  eden space 64000K, 0% used [0x00000000e0000000,0x00000000e0000000,0x00000000e3e80000)
  from space 7680K, 80% used [0x00000000e3e80000,0x00000000e448d1b8,0x00000000e4600000)
  to   space 8192K, 0% used [0x00000000e8500000,0x00000000e8500000,0x00000000e8d00000)
 ParOldGen       total 44032K, used 7956K [0x00000000a0000000, 0x00000000a2b00000, 0x00000000e0000000)
  object space 44032K, 18% used [0x00000000a0000000,0x00000000a07c53e8,0x00000000a2b00000)
 Metaspace       used 20824K, capacity 21100K, committed 21248K, reserved 1067008K
  class space    used 2917K, capacity 3018K, committed 3072K, reserved 1048576K
Event: 4.410 GC heap after
Heap after GC invocations=8 (full 1):
 PSYoungGen      total 71680K, used 0K [0x00000000e0000000, 0x00000000e8d00000, 0x0000000100000000)
  eden space 64000K, 0% used [0x00000000e0000000,0x00000000e0000000,0x00000000e3e80000)
  from space 7680K, 0% used [0x00000000e3e80000,0x00000000e3e80000,0x00000000e4600000)
  to   space 8192K, 0% used [0x00000000e8500000,0x00000000e8500000,0x00000000e8d00000)
 ParOldGen       total 35328K, used 8494K [0x00000000a0000000, 0x00000000a2280000, 0x00000000e0000000)
  object space 35328K, 24% used [0x00000000a0000000,0x00000000a084b890,0x00000000a2280000)
 Metaspace       used 20824K, capacity 21100K, committed 21248K, reserved 1067008K
  class space    used 2917K, capacity 3018K, committed 3072K, reserved 1048576K
}
Event: 5.838 GC heap before
{Heap before GC invocations=9 (full 1):
 PSYoungGen      total 71680K, used 64000K [0x00000000e0000000, 0x00000000e8d00000, 0x0000000100000000)
  eden space 64000K, 100% used [0x00000000e0000000,0x00000000e3e80000,0x00000000e3e80000)
  from space 7680K, 0% used [0x00000000e3e80000,0x00000000e3e80000,0x00000000e4600000)
  to   space 8192K, 0% used [0x00000000e8500000,0x00000000e8500000,0x00000000e8d00000)
 ParOldGen       total 35328K, used 8494K [0x00000000a0000000, 0x00000000a2280000, 0x00000000e0000000)
  object space 35328K, 24% used [0x00000000a0000000,0x00000000a084b890,0x00000000a2280000)
 Metaspace       used 26321K, capacity 26758K, committed 27136K, reserved 1073152K
  class space    used 3612K, capacity 3743K, committed 3840K, reserved 1048576K
Event: 5.853 GC heap after
Heap after GC invocations=9 (full 1):
 PSYoungGen      total 105472K, used 6705K [0x00000000e0000000, 0x00000000e8c00000, 0x0000000100000000)
  eden space 98304K, 0% used [0x00000000e0000000,0x00000000e0000000,0x00000000e6000000)
  from space 7168K, 93% used [0x00000000e8500000,0x00000000e8b8c640,0x00000000e8c00000)
  to   space 8704K, 0% used [0x00000000e7b00000,0x00000000e7b00000,0x00000000e8380000)
 ParOldGen       total 35328K, used 8502K [0x00000000a0000000, 0x00000000a2280000, 0x00000000e0000000)
  object space 35328K, 24% used [0x00000000a0000000,0x00000000a084d890,0x00000000a2280000)
 Metaspace       used 26321K, capacity 26758K, committed 27136K, reserved 1073152K
  class space    used 3612K, capacity 3743K, committed 3840K, reserved 1048576K
}
Event: 8.863 GC heap before
{Heap before GC invocations=10 (full 1):
 PSYoungGen      total 105472K, used 103194K [0x00000000e0000000, 0x00000000e8c00000, 0x0000000100000000)
  eden space 98304K, 98% used [0x00000000e0000000,0x00000000e5e3a200,0x00000000e6000000)
  from space 7168K, 93% used [0x00000000e8500000,0x00000000e8b8c640,0x00000000e8c00000)
  to   space 8704K, 0% used [0x00000000e7b00000,0x00000000e7b00000,0x00000000e8380000)
 ParOldGen       total 35328K, used 8502K [0x00000000a0000000, 0x00000000a2280000, 0x00000000e0000000)
  object space 35328K, 24% used [0x00000000a0000000,0x00000000a084d890,0x00000000a2280000)
 Metaspace       used 34921K, capacity 35356K, committed 35416K, reserved 1079296K
  class space    used 4802K, capacity 4972K, committed 4992K, reserved 1048576K
Event: 8.884 GC heap after
Heap after GC invocations=10 (full 1):
 PSYoungGen      total 134656K, used 8690K [0x00000000e0000000, 0x00000000e9280000, 0x0000000100000000)
  eden space 125952K, 0% used [0x00000000e0000000,0x00000000e0000000,0x00000000e7b00000)
  from space 8704K, 99% used [0x00000000e7b00000,0x00000000e837cb28,0x00000000e8380000)
  to   space 11264K, 0% used [0x00000000e8780000,0x00000000e8780000,0x00000000e9280000)
 ParOldGen       total 35328K, used 12741K [0x00000000a0000000, 0x00000000a2280000, 0x00000000e0000000)
  object space 35328K, 36% used [0x00000000a0000000,0x00000000a0c71508,0x00000000a2280000)
 Metaspace       used 34921K, capacity 35356K, committed 35416K, reserved 1079296K
  class space    used 4802K, capacity 4972K, committed 4992K, reserved 1048576K
}
Event: 8.884 GC heap before
{Heap before GC invocations=11 (full 2):
 PSYoungGen      total 134656K, used 8690K [0x00000000e0000000, 0x00000000e9280000, 0x0000000100000000)
  eden space 125952K, 0% used [0x00000000e0000000,0x00000000e0000000,0x00000000e7b00000)
  from space 8704K, 99% used [0x00000000e7b00000,0x00000000e837cb28,0x00000000e8380000)
  to   space 11264K, 0% used [0x00000000e8780000,0x00000000e8780000,0x00000000e9280000)
 ParOldGen       total 35328K, used 12741K [0x00000000a0000000, 0x00000000a2280000, 0x00000000e0000000)
  object space 35328K, 36% used [0x00000000a0000000,0x00000000a0c71508,0x00000000a2280000)
 Metaspace       used 34921K, capacity 35356K, committed 35416K, reserved 1079296K
  class space    used 4802K, capacity 4972K, committed 4992K, reserved 1048576K
Event: 8.972 GC heap after
Heap after GC invocations=11 (full 2):
 PSYoungGen      total 134656K, used 0K [0x00000000e0000000, 0x00000000e9280000, 0x0000000100000000)
  eden space 125952K, 0% used [0x00000000e0000000,0x00000000e0000000,0x00000000e7b00000)
  from space 8704K, 0% used [0x00000000e7b00000,0x00000000e7b00000,0x00000000e8380000)
  to   space 11264K, 0% used [0x00000000e8780000,0x00000000e8780000,0x00000000e9280000)
 ParOldGen       total 60416K, used 19531K [0x00000000a0000000, 0x00000000a3b00000, 0x00000000e0000000)
  object space 60416K, 32% used [0x00000000a0000000,0x00000000a1312ee0,0x00000000a3b00000)
 Metaspace       used 34921K, capacity 35356K, committed 35416K, reserved 1079296K
  class space    used 4802K, capacity 4972K, committed 4992K, reserved 1048576K
}

