# JRE version: OpenJDK Runtime Environment (8.0_152-b06) (build 1.8.0_152-release-1136-b06)
# Java VM: OpenJDK 64-Bit Server VM (25.152-b06 mixed mode windows-amd64 compressed oops)
Heap:
 PSYoungGen      total 130560K, used 89000K [0x00000000e0000000, 0x00000000e8e00000, 0x0000000100000000)
  eden space 121856K, 73% used [0x00000000e0000000,0x00000000e56ea368,0x00000000e7700000)
  from space 8704K, 0% used [0x00000000e7b00000,0x00000000e7b00000,0x00000000e8380000)
  to   space 10752K, 0% used [0x00000000e8380000,0x00000000e8380000,0x00000000e8e00000)
 ParOldGen       total 60416K, used 19166K [0x00000000a0000000, 0x00000000a3b00000, 0x00000000e0000000)
  object space 60416K, 31% used [0x00000000a0000000,0x00000000a12b78e0,0x00000000a3b00000)
 Metaspace       used 40163K, capacity 40839K, committed 41048K, reserved 1085440K
  class space    used 5448K, capacity 5690K, committed 5760K, reserved 1048576K
GC Heap History (10 events):
Event: 4.425 GC heap before
{Heap before GC invocations=7 (full 0):
 PSYoungGen      total 70144K, used 26064K [0x00000000e0000000, 0x00000000e4f00000, 0x0000000100000000)
  eden space 64000K, 31% used [0x00000000e0000000,0x00000000e137ad18,0x00000000e3e80000)
  from space 6144K, 99% used [0x00000000e4600000,0x00000000e4bf9608,0x00000000e4c00000)
  to   space 7680K, 0% used [0x00000000e3e80000,0x00000000e3e80000,0x00000000e4600000)
 ParOldGen       total 44032K, used 7189K [0x00000000a0000000, 0x00000000a2b00000, 0x00000000e0000000)
  object space 44032K, 16% used [0x00000000a0000000,0x00000000a0705640,0x00000000a2b00000)
 Metaspace       used 20867K, capacity 21236K, committed 21248K, reserved 1067008K
  class space    used 2925K, capacity 3072K, committed 3072K, reserved 1048576K
Event: 4.435 GC heap after
Heap after GC invocations=7 (full 0):
 PSYoungGen      total 71680K, used 6251K [0x00000000e0000000, 0x00000000e8d00000, 0x0000000100000000)
  eden space 64000K, 0% used [0x00000000e0000000,0x00000000e0000000,0x00000000e3e80000)
  from space 7680K, 81% used [0x00000000e3e80000,0x00000000e449ac38,0x00000000e4600000)
  to   space 8192K, 0% used [0x00000000e8500000,0x00000000e8500000,0x00000000e8d00000)
 ParOldGen       total 44032K, used 7869K [0x00000000a0000000, 0x00000000a2b00000, 0x00000000e0000000)
  object space 44032K, 17% used [0x00000000a0000000,0x00000000a07af680,0x00000000a2b00000)
 Metaspace       used 20867K, capacity 21236K, committed 21248K, reserved 1067008K
  class space    used 2925K, capacity 3072K, committed 3072K, reserved 1048576K
}
Event: 4.436 GC heap before
{Heap before GC invocations=8 (full 1):
 PSYoungGen      total 71680K, used 6251K [0x00000000e0000000, 0x00000000e8d00000, 0x0000000100000000)
  eden space 64000K, 0% used [0x00000000e0000000,0x00000000e0000000,0x00000000e3e80000)
  from space 7680K, 81% used [0x00000000e3e80000,0x00000000e449ac38,0x00000000e4600000)
  to   space 8192K, 0% used [0x00000000e8500000,0x00000000e8500000,0x00000000e8d00000)
 ParOldGen       total 44032K, used 7869K [0x00000000a0000000, 0x00000000a2b00000, 0x00000000e0000000)
  object space 44032K, 17% used [0x00000000a0000000,0x00000000a07af680,0x00000000a2b00000)
 Metaspace       used 20867K, capacity 21236K, committed 21248K, reserved 1067008K
  class space    used 2925K, capacity 3072K, committed 3072K, reserved 1048576K
Event: 4.497 GC heap after
Heap after GC invocations=8 (full 1):
 PSYoungGen      total 71680K, used 0K [0x00000000e0000000, 0x00000000e8d00000, 0x0000000100000000)
  eden space 64000K, 0% used [0x00000000e0000000,0x00000000e0000000,0x00000000e3e80000)
  from space 7680K, 0% used [0x00000000e3e80000,0x00000000e3e80000,0x00000000e4600000)
  to   space 8192K, 0% used [0x00000000e8500000,0x00000000e8500000,0x00000000e8d00000)
 ParOldGen       total 38400K, used 10839K [0x00000000a0000000, 0x00000000a2580000, 0x00000000e0000000)
  object space 38400K, 28% used [0x00000000a0000000,0x00000000a0a95f10,0x00000000a2580000)
 Metaspace       used 20867K, capacity 21236K, committed 21248K, reserved 1067008K
  class space    used 2925K, capacity 3072K, committed 3072K, reserved 1048576K
}
Event: 6.146 GC heap before
{Heap before GC invocations=9 (full 1):
 PSYoungGen      total 71680K, used 64000K [0x00000000e0000000, 0x00000000e8d00000, 0x0000000100000000)
  eden space 64000K, 100% used [0x00000000e0000000,0x00000000e3e80000,0x00000000e3e80000)
  from space 7680K, 0% used [0x00000000e3e80000,0x00000000e3e80000,0x00000000e4600000)
  to   space 8192K, 0% used [0x00000000e8500000,0x00000000e8500000,0x00000000e8d00000)
 ParOldGen       total 38400K, used 10839K [0x00000000a0000000, 0x00000000a2580000, 0x00000000e0000000)
  object space 38400K, 28% used [0x00000000a0000000,0x00000000a0a95f10,0x00000000a2580000)
 Metaspace       used 26566K, capacity 26958K, committed 27136K, reserved 1073152K
  class space    used 3638K, capacity 3797K, committed 3840K, reserved 1048576K
Event: 6.157 GC heap after
Heap after GC invocations=9 (full 1):
 PSYoungGen      total 103424K, used 6852K [0x00000000e0000000, 0x00000000e8c00000, 0x0000000100000000)
  eden space 96256K, 0% used [0x00000000e0000000,0x00000000e0000000,0x00000000e5e00000)
  from space 7168K, 95% used [0x00000000e8500000,0x00000000e8bb1298,0x00000000e8c00000)
  to   space 8704K, 0% used [0x00000000e7b00000,0x00000000e7b00000,0x00000000e8380000)
 ParOldGen       total 38400K, used 10847K [0x00000000a0000000, 0x00000000a2580000, 0x00000000e0000000)
  object space 38400K, 28% used [0x00000000a0000000,0x00000000a0a97f10,0x00000000a2580000)
 Metaspace       used 26566K, capacity 26958K, committed 27136K, reserved 1073152K
  class space    used 3638K, capacity 3797K, committed 3840K, reserved 1048576K
}
Event: 28.804 GC heap before
{Heap before GC invocations=10 (full 1):
 PSYoungGen      total 103424K, used 101962K [0x00000000e0000000, 0x00000000e8c00000, 0x0000000100000000)
  eden space 96256K, 98% used [0x00000000e0000000,0x00000000e5ce1820,0x00000000e5e00000)
  from space 7168K, 95% used [0x00000000e8500000,0x00000000e8bb1298,0x00000000e8c00000)
  to   space 8704K, 0% used [0x00000000e7b00000,0x00000000e7b00000,0x00000000e8380000)
 ParOldGen       total 38400K, used 10847K [0x00000000a0000000, 0x00000000a2580000, 0x00000000e0000000)
  object space 38400K, 28% used [0x00000000a0000000,0x00000000a0a97f10,0x00000000a2580000)
 Metaspace       used 34788K, capacity 35261K, committed 35416K, reserved 1079296K
  class space    used 4819K, capacity 4992K, committed 4992K, reserved 1048576K
Event: 28.839 GC heap after
Heap after GC invocations=10 (full 1):
 PSYoungGen      total 130560K, used 8690K [0x00000000e0000000, 0x00000000e8e00000, 0x0000000100000000)
  eden space 121856K, 0% used [0x00000000e0000000,0x00000000e0000000,0x00000000e7700000)
  from space 8704K, 99% used [0x00000000e7b00000,0x00000000e837c908,0x00000000e8380000)
  to   space 10752K, 0% used [0x00000000e8380000,0x00000000e8380000,0x00000000e8e00000)
 ParOldGen       total 38400K, used 14995K [0x00000000a0000000, 0x00000000a2580000, 0x00000000e0000000)
  object space 38400K, 39% used [0x00000000a0000000,0x00000000a0ea4dc0,0x00000000a2580000)
 Metaspace       used 34788K, capacity 35261K, committed 35416K, reserved 1079296K
  class space    used 4819K, capacity 4992K, committed 4992K, reserved 1048576K
}
Event: 28.839 GC heap before
{Heap before GC invocations=11 (full 2):
 PSYoungGen      total 130560K, used 8690K [0x00000000e0000000, 0x00000000e8e00000, 0x0000000100000000)
  eden space 121856K, 0% used [0x00000000e0000000,0x00000000e0000000,0x00000000e7700000)
  from space 8704K, 99% used [0x00000000e7b00000,0x00000000e837c908,0x00000000e8380000)
  to   space 10752K, 0% used [0x00000000e8380000,0x00000000e8380000,0x00000000e8e00000)
 ParOldGen       total 38400K, used 14995K [0x00000000a0000000, 0x00000000a2580000, 0x00000000e0000000)
  object space 38400K, 39% used [0x00000000a0000000,0x00000000a0ea4dc0,0x00000000a2580000)
 Metaspace       used 34788K, capacity 35261K, committed 35416K, reserved 1079296K
  class space    used 4819K, capacity 4992K, committed 4992K, reserved 1048576K
Event: 29.041 GC heap after
Heap after GC invocations=11 (full 2):
 PSYoungGen      total 130560K, used 0K [0x00000000e0000000, 0x00000000e8e00000, 0x0000000100000000)
  eden space 121856K, 0% used [0x00000000e0000000,0x00000000e0000000,0x00000000e7700000)
  from space 8704K, 0% used [0x00000000e7b00000,0x00000000e7b00000,0x00000000e8380000)
  to   space 10752K, 0% used [0x00000000e8380000,0x00000000e8380000,0x00000000e8e00000)
 ParOldGen       total 60416K, used 19166K [0x00000000a0000000, 0x00000000a3b00000, 0x00000000e0000000)
  object space 60416K, 31% used [0x00000000a0000000,0x00000000a12b78e0,0x00000000a3b00000)
 Metaspace       used 34788K, capacity 35261K, committed 35416K, reserved 1079296K
  class space    used 4819K, capacity 4992K, committed 4992K, reserved 1048576K
}

