# JRE version: OpenJDK Runtime Environment (8.0_152-b06) (build 1.8.0_152-release-1136-b06)
# Java VM: OpenJDK 64-Bit Server VM (25.152-b06 mixed mode windows-amd64 compressed oops)
Heap:
 PSYoungGen      total 380416K, used 340984K [0x00000000e0000000, 0x00000000f8b80000, 0x0000000100000000)
  eden space 371200K, 89% used [0x00000000e0000000,0x00000000f44ec828,0x00000000f6a80000)
  from space 9216K, 89% used [0x00000000f8280000,0x00000000f8a91a00,0x00000000f8b80000)
  to   space 16896K, 0% used [0x00000000f6a80000,0x00000000f6a80000,0x00000000f7b00000)
 ParOldGen       total 89600K, used 49263K [0x00000000a0000000, 0x00000000a5780000, 0x00000000e0000000)
  object space 89600K, 54% used [0x00000000a0000000,0x00000000a301bd48,0x00000000a5780000)
 Metaspace       used 81813K, capacity 85766K, committed 85976K, reserved 1124352K
  class space    used 10476K, capacity 11214K, committed 11264K, reserved 1048576K
GC Heap History (10 events):
Event: 11185.148 GC heap before
{Heap before GC invocations=19 (full 3):
 PSYoungGen      total 166912K, used 158861K [0x00000000e0000000, 0x00000000efb80000, 0x0000000100000000)
  eden space 150528K, 99% used [0x00000000e0000000,0x00000000e92e6798,0x00000000e9300000)
  from space 16384K, 51% used [0x00000000e9300000,0x00000000e9b3cdd0,0x00000000ea300000)
  to   space 15360K, 0% used [0x00000000eec80000,0x00000000eec80000,0x00000000efb80000)
 ParOldGen       total 89600K, used 34957K [0x00000000a0000000, 0x00000000a5780000, 0x00000000e0000000)
  object space 89600K, 39% used [0x00000000a0000000,0x00000000a2223450,0x00000000a5780000)
 Metaspace       used 64489K, capacity 66498K, committed 66776K, reserved 1107968K
  class space    used 8413K, capacity 8910K, committed 8960K, reserved 1048576K
Event: 11185.196 GC heap after
Heap after GC invocations=19 (full 3):
 PSYoungGen      total 241152K, used 11676K [0x00000000e0000000, 0x00000000efe00000, 0x0000000100000000)
  eden space 225792K, 0% used [0x00000000e0000000,0x00000000e0000000,0x00000000edc80000)
  from space 15360K, 76% used [0x00000000eec80000,0x00000000ef7e73d8,0x00000000efb80000)
  to   space 16384K, 0% used [0x00000000edc80000,0x00000000edc80000,0x00000000eec80000)
 ParOldGen       total 89600K, used 37685K [0x00000000a0000000, 0x00000000a5780000, 0x00000000e0000000)
  object space 89600K, 42% used [0x00000000a0000000,0x00000000a24cd5a8,0x00000000a5780000)
 Metaspace       used 64489K, capacity 66498K, committed 66776K, reserved 1107968K
  class space    used 8413K, capacity 8910K, committed 8960K, reserved 1048576K
}
Event: 11419.000 GC heap before
{Heap before GC invocations=20 (full 3):
 PSYoungGen      total 241152K, used 237468K [0x00000000e0000000, 0x00000000efe00000, 0x0000000100000000)
  eden space 225792K, 100% used [0x00000000e0000000,0x00000000edc80000,0x00000000edc80000)
  from space 15360K, 76% used [0x00000000eec80000,0x00000000ef7e73d8,0x00000000efb80000)
  to   space 16384K, 0% used [0x00000000edc80000,0x00000000edc80000,0x00000000eec80000)
 ParOldGen       total 89600K, used 37685K [0x00000000a0000000, 0x00000000a5780000, 0x00000000e0000000)
  object space 89600K, 42% used [0x00000000a0000000,0x00000000a24cd5a8,0x00000000a5780000)
 Metaspace       used 65862K, capacity 68106K, committed 68184K, reserved 1107968K
  class space    used 8594K, capacity 9084K, committed 9088K, reserved 1048576K
Event: 11419.067 GC heap after
Heap after GC invocations=20 (full 3):
 PSYoungGen      total 242176K, used 6403K [0x00000000e0000000, 0x00000000f4300000, 0x0000000100000000)
  eden space 225792K, 0% used [0x00000000e0000000,0x00000000e0000000,0x00000000edc80000)
  from space 16384K, 39% used [0x00000000edc80000,0x00000000ee2c0e48,0x00000000eec80000)
  to   space 15872K, 0% used [0x00000000f3380000,0x00000000f3380000,0x00000000f4300000)
 ParOldGen       total 89600K, used 37961K [0x00000000a0000000, 0x00000000a5780000, 0x00000000e0000000)
  object space 89600K, 42% used [0x00000000a0000000,0x00000000a25125f0,0x00000000a5780000)
 Metaspace       used 65862K, capacity 68106K, committed 68184K, reserved 1107968K
  class space    used 8594K, capacity 9084K, committed 9088K, reserved 1048576K
}
Event: 11975.388 GC heap before
{Heap before GC invocations=21 (full 3):
 PSYoungGen      total 242176K, used 232195K [0x00000000e0000000, 0x00000000f4300000, 0x0000000100000000)
  eden space 225792K, 100% used [0x00000000e0000000,0x00000000edc80000,0x00000000edc80000)
  from space 16384K, 39% used [0x00000000edc80000,0x00000000ee2c0e48,0x00000000eec80000)
  to   space 15872K, 0% used [0x00000000f3380000,0x00000000f3380000,0x00000000f4300000)
 ParOldGen       total 89600K, used 37961K [0x00000000a0000000, 0x00000000a5780000, 0x00000000e0000000)
  object space 89600K, 42% used [0x00000000a0000000,0x00000000a25125f0,0x00000000a5780000)
 Metaspace       used 66443K, capacity 68844K, committed 69080K, reserved 1110016K
  class space    used 8623K, capacity 9139K, committed 9216K, reserved 1048576K
Event: 11975.412 GC heap after
Heap after GC invocations=21 (full 3):
 PSYoungGen      total 306688K, used 4844K [0x00000000e0000000, 0x00000000f3f00000, 0x0000000100000000)
  eden space 294912K, 0% used [0x00000000e0000000,0x00000000e0000000,0x00000000f2000000)
  from space 11776K, 41% used [0x00000000f3380000,0x00000000f383b3f0,0x00000000f3f00000)
  to   space 15872K, 0% used [0x00000000f2000000,0x00000000f2000000,0x00000000f2f80000)
 ParOldGen       total 89600K, used 38729K [0x00000000a0000000, 0x00000000a5780000, 0x00000000e0000000)
  object space 89600K, 43% used [0x00000000a0000000,0x00000000a25d26b0,0x00000000a5780000)
 Metaspace       used 66443K, capacity 68844K, committed 69080K, reserved 1110016K
  class space    used 8623K, capacity 9139K, committed 9216K, reserved 1048576K
}
Event: 12004.954 GC heap before
{Heap before GC invocations=22 (full 3):
 PSYoungGen      total 306688K, used 299756K [0x00000000e0000000, 0x00000000f3f00000, 0x0000000100000000)
  eden space 294912K, 100% used [0x00000000e0000000,0x00000000f2000000,0x00000000f2000000)
  from space 11776K, 41% used [0x00000000f3380000,0x00000000f383b3f0,0x00000000f3f00000)
  to   space 15872K, 0% used [0x00000000f2000000,0x00000000f2000000,0x00000000f2f80000)
 ParOldGen       total 89600K, used 38729K [0x00000000a0000000, 0x00000000a5780000, 0x00000000e0000000)
  object space 89600K, 43% used [0x00000000a0000000,0x00000000a25d26b0,0x00000000a5780000)
 Metaspace       used 80573K, capacity 84010K, committed 84312K, reserved 1122304K
  class space    used 10393K, capacity 11066K, committed 11136K, reserved 1048576K
Event: 12005.005 GC heap after
Heap after GC invocations=22 (full 3):
 PSYoungGen      total 310784K, used 15320K [0x00000000e0000000, 0x00000000f9380000, 0x0000000100000000)
  eden space 294912K, 0% used [0x00000000e0000000,0x00000000e0000000,0x00000000f2000000)
  from space 15872K, 96% used [0x00000000f2000000,0x00000000f2ef60d0,0x00000000f2f80000)
  to   space 17408K, 0% used [0x00000000f8280000,0x00000000f8280000,0x00000000f9380000)
 ParOldGen       total 89600K, used 42444K [0x00000000a0000000, 0x00000000a5780000, 0x00000000e0000000)
  object space 89600K, 47% used [0x00000000a0000000,0x00000000a29730f8,0x00000000a5780000)
 Metaspace       used 80573K, capacity 84010K, committed 84312K, reserved 1122304K
  class space    used 10393K, capacity 11066K, committed 11136K, reserved 1048576K
}
Event: 12716.958 GC heap before
{Heap before GC invocations=23 (full 3):
 PSYoungGen      total 310784K, used 310232K [0x00000000e0000000, 0x00000000f9380000, 0x0000000100000000)
  eden space 294912K, 100% used [0x00000000e0000000,0x00000000f2000000,0x00000000f2000000)
  from space 15872K, 96% used [0x00000000f2000000,0x00000000f2ef60d0,0x00000000f2f80000)
  to   space 17408K, 0% used [0x00000000f8280000,0x00000000f8280000,0x00000000f9380000)
 ParOldGen       total 89600K, used 42444K [0x00000000a0000000, 0x00000000a5780000, 0x00000000e0000000)
  object space 89600K, 47% used [0x00000000a0000000,0x00000000a29730f8,0x00000000a5780000)
 Metaspace       used 81176K, capacity 85036K, committed 85208K, reserved 1124352K
  class space    used 10462K, capacity 11193K, committed 11264K, reserved 1048576K
Event: 12717.041 GC heap after
Heap after GC invocations=23 (full 3):
 PSYoungGen      total 380416K, used 8262K [0x00000000e0000000, 0x00000000f8b80000, 0x0000000100000000)
  eden space 371200K, 0% used [0x00000000e0000000,0x00000000e0000000,0x00000000f6a80000)
  from space 9216K, 89% used [0x00000000f8280000,0x00000000f8a91a00,0x00000000f8b80000)
  to   space 16896K, 0% used [0x00000000f6a80000,0x00000000f6a80000,0x00000000f7b00000)
 ParOldGen       total 89600K, used 49263K [0x00000000a0000000, 0x00000000a5780000, 0x00000000e0000000)
  object space 89600K, 54% used [0x00000000a0000000,0x00000000a301bd48,0x00000000a5780000)
 Metaspace       used 81176K, capacity 85036K, committed 85208K, reserved 1124352K
  class space    used 10462K, capacity 11193K, committed 11264K, reserved 1048576K
}

