# JRE version: OpenJDK Runtime Environment (8.0_152-b06) (build 1.8.0_152-release-1136-b06)
# Java VM: OpenJDK 64-Bit Server VM (25.152-b06 mixed mode windows-amd64 compressed oops)
Heap:
 PSYoungGen      total 125440K, used 50438K [0x00000000e0000000, 0x00000000ea400000, 0x0000000100000000)
  eden space 114176K, 34% used [0x00000000e0000000,0x00000000e2648068,0x00000000e6f80000)
  from space 11264K, 99% used [0x00000000e6f80000,0x00000000e7a79880,0x00000000e7a80000)
  to   space 13312K, 0% used [0x00000000e9700000,0x00000000e9700000,0x00000000ea400000)
 ParOldGen       total 62976K, used 17229K [0x00000000a0000000, 0x00000000a3d80000, 0x00000000e0000000)
  object space 62976K, 27% used [0x00000000a0000000,0x00000000a10d3670,0x00000000a3d80000)
 Metaspace       used 44549K, capacity 45302K, committed 45528K, reserved 1089536K
  class space    used 6070K, capacity 6314K, committed 6400K, reserved 1048576K
GC Heap History (10 events):
Event: 10.529 GC heap before
{Heap before GC invocations=9 (full 1):
 PSYoungGen      total 71680K, used 64000K [0x00000000e0000000, 0x00000000e8d00000, 0x0000000100000000)
  eden space 64000K, 100% used [0x00000000e0000000,0x00000000e3e80000,0x00000000e3e80000)
  from space 7680K, 0% used [0x00000000e3e80000,0x00000000e3e80000,0x00000000e4600000)
  to   space 8192K, 0% used [0x00000000e8500000,0x00000000e8500000,0x00000000e8d00000)
 ParOldGen       total 39936K, used 8800K [0x00000000a0000000, 0x00000000a2700000, 0x00000000e0000000)
  object space 39936K, 22% used [0x00000000a0000000,0x00000000a08980c0,0x00000000a2700000)
 Metaspace       used 26252K, capacity 26594K, committed 26752K, reserved 1073152K
  class space    used 3580K, capacity 3711K, committed 3712K, reserved 1048576K
Event: 10.542 GC heap after
Heap after GC invocations=9 (full 1):
 PSYoungGen      total 88576K, used 6623K [0x00000000e0000000, 0x00000000e8b80000, 0x0000000100000000)
  eden space 81920K, 0% used [0x00000000e0000000,0x00000000e0000000,0x00000000e5000000)
  from space 6656K, 99% used [0x00000000e8500000,0x00000000e8b77d08,0x00000000e8b80000)
  to   space 8704K, 0% used [0x00000000e7a80000,0x00000000e7a80000,0x00000000e8300000)
 ParOldGen       total 39936K, used 8808K [0x00000000a0000000, 0x00000000a2700000, 0x00000000e0000000)
  object space 39936K, 22% used [0x00000000a0000000,0x00000000a089a0c0,0x00000000a2700000)
 Metaspace       used 26252K, capacity 26594K, committed 26752K, reserved 1073152K
  class space    used 3580K, capacity 3711K, committed 3712K, reserved 1048576K
}
Event: 48.291 GC heap before
{Heap before GC invocations=10 (full 1):
 PSYoungGen      total 88576K, used 88543K [0x00000000e0000000, 0x00000000e8b80000, 0x0000000100000000)
  eden space 81920K, 100% used [0x00000000e0000000,0x00000000e5000000,0x00000000e5000000)
  from space 6656K, 99% used [0x00000000e8500000,0x00000000e8b77d08,0x00000000e8b80000)
  to   space 8704K, 0% used [0x00000000e7a80000,0x00000000e7a80000,0x00000000e8300000)
 ParOldGen       total 39936K, used 8808K [0x00000000a0000000, 0x00000000a2700000, 0x00000000e0000000)
  object space 39936K, 22% used [0x00000000a0000000,0x00000000a089a0c0,0x00000000a2700000)
 Metaspace       used 32843K, capacity 33280K, committed 33536K, reserved 1077248K
  class space    used 4583K, capacity 4770K, committed 4864K, reserved 1048576K
Event: 48.313 GC heap after
Heap after GC invocations=10 (full 1):
 PSYoungGen      total 101888K, used 8682K [0x00000000e0000000, 0x00000000e8580000, 0x0000000100000000)
  eden space 93184K, 0% used [0x00000000e0000000,0x00000000e0000000,0x00000000e5b00000)
  from space 8704K, 99% used [0x00000000e7a80000,0x00000000e82fa870,0x00000000e8300000)
  to   space 2560K, 0% used [0x00000000e8300000,0x00000000e8300000,0x00000000e8580000)
 ParOldGen       total 39936K, used 11104K [0x00000000a0000000, 0x00000000a2700000, 0x00000000e0000000)
  object space 39936K, 27% used [0x00000000a0000000,0x00000000a0ad8198,0x00000000a2700000)
 Metaspace       used 32843K, capacity 33280K, committed 33536K, reserved 1077248K
  class space    used 4583K, capacity 4770K, committed 4864K, reserved 1048576K
}
Event: 49.234 GC heap before
{Heap before GC invocations=11 (full 1):
 PSYoungGen      total 101888K, used 23228K [0x00000000e0000000, 0x00000000e8580000, 0x0000000100000000)
  eden space 93184K, 15% used [0x00000000e0000000,0x00000000e0e34ad8,0x00000000e5b00000)
  from space 8704K, 99% used [0x00000000e7a80000,0x00000000e82fa870,0x00000000e8300000)
  to   space 2560K, 0% used [0x00000000e8300000,0x00000000e8300000,0x00000000e8580000)
 ParOldGen       total 39936K, used 11104K [0x00000000a0000000, 0x00000000a2700000, 0x00000000e0000000)
  object space 39936K, 27% used [0x00000000a0000000,0x00000000a0ad8198,0x00000000a2700000)
 Metaspace       used 34919K, capacity 35352K, committed 35416K, reserved 1079296K
  class space    used 4797K, capacity 4972K, committed 4992K, reserved 1048576K
Event: 49.270 GC heap after
Heap after GC invocations=11 (full 1):
 PSYoungGen      total 113664K, used 2560K [0x00000000e0000000, 0x00000000e8580000, 0x0000000100000000)
  eden space 111104K, 0% used [0x00000000e0000000,0x00000000e0000000,0x00000000e6c80000)
  from space 2560K, 100% used [0x00000000e8300000,0x00000000e8580000,0x00000000e8580000)
  to   space 11264K, 0% used [0x00000000e6f80000,0x00000000e6f80000,0x00000000e7a80000)
 ParOldGen       total 39936K, used 16659K [0x00000000a0000000, 0x00000000a2700000, 0x00000000e0000000)
  object space 39936K, 41% used [0x00000000a0000000,0x00000000a1044e68,0x00000000a2700000)
 Metaspace       used 34919K, capacity 35352K, committed 35416K, reserved 1079296K
  class space    used 4797K, capacity 4972K, committed 4992K, reserved 1048576K
}
Event: 49.270 GC heap before
{Heap before GC invocations=12 (full 2):
 PSYoungGen      total 113664K, used 2560K [0x00000000e0000000, 0x00000000e8580000, 0x0000000100000000)
  eden space 111104K, 0% used [0x00000000e0000000,0x00000000e0000000,0x00000000e6c80000)
  from space 2560K, 100% used [0x00000000e8300000,0x00000000e8580000,0x00000000e8580000)
  to   space 11264K, 0% used [0x00000000e6f80000,0x00000000e6f80000,0x00000000e7a80000)
 ParOldGen       total 39936K, used 16659K [0x00000000a0000000, 0x00000000a2700000, 0x00000000e0000000)
  object space 39936K, 41% used [0x00000000a0000000,0x00000000a1044e68,0x00000000a2700000)
 Metaspace       used 34919K, capacity 35352K, committed 35416K, reserved 1079296K
  class space    used 4797K, capacity 4972K, committed 4992K, reserved 1048576K
Event: 49.369 GC heap after
Heap after GC invocations=12 (full 2):
 PSYoungGen      total 113664K, used 0K [0x00000000e0000000, 0x00000000e8580000, 0x0000000100000000)
  eden space 111104K, 0% used [0x00000000e0000000,0x00000000e0000000,0x00000000e6c80000)
  from space 2560K, 0% used [0x00000000e8300000,0x00000000e8300000,0x00000000e8580000)
  to   space 11264K, 0% used [0x00000000e6f80000,0x00000000e6f80000,0x00000000e7a80000)
 ParOldGen       total 62976K, used 15403K [0x00000000a0000000, 0x00000000a3d80000, 0x00000000e0000000)
  object space 62976K, 24% used [0x00000000a0000000,0x00000000a0f0ad20,0x00000000a3d80000)
 Metaspace       used 34919K, capacity 35352K, committed 35416K, reserved 1079296K
  class space    used 4797K, capacity 4972K, committed 4992K, reserved 1048576K
}
Event: 52.223 GC heap before
{Heap before GC invocations=13 (full 2):
 PSYoungGen      total 113664K, used 111104K [0x00000000e0000000, 0x00000000e8580000, 0x0000000100000000)
  eden space 111104K, 100% used [0x00000000e0000000,0x00000000e6c80000,0x00000000e6c80000)
  from space 2560K, 0% used [0x00000000e8300000,0x00000000e8300000,0x00000000e8580000)
  to   space 11264K, 0% used [0x00000000e6f80000,0x00000000e6f80000,0x00000000e7a80000)
 ParOldGen       total 62976K, used 15403K [0x00000000a0000000, 0x00000000a3d80000, 0x00000000e0000000)
  object space 62976K, 24% used [0x00000000a0000000,0x00000000a0f0ad20,0x00000000a3d80000)
 Metaspace       used 41307K, capacity 42054K, committed 42200K, reserved 1085440K
  class space    used 5559K, capacity 5808K, committed 5888K, reserved 1048576K
Event: 52.258 GC heap after
Heap after GC invocations=13 (full 2):
 PSYoungGen      total 125440K, used 11238K [0x00000000e0000000, 0x00000000ea400000, 0x0000000100000000)
  eden space 114176K, 0% used [0x00000000e0000000,0x00000000e0000000,0x00000000e6f80000)
  from space 11264K, 99% used [0x00000000e6f80000,0x00000000e7a79880,0x00000000e7a80000)
  to   space 13312K, 0% used [0x00000000e9700000,0x00000000e9700000,0x00000000ea400000)
 ParOldGen       total 62976K, used 17229K [0x00000000a0000000, 0x00000000a3d80000, 0x00000000e0000000)
  object space 62976K, 27% used [0x00000000a0000000,0x00000000a10d3670,0x00000000a3d80000)
 Metaspace       used 41307K, capacity 42054K, committed 42200K, reserved 1085440K
  class space    used 5559K, capacity 5808K, committed 5888K, reserved 1048576K
}

